<?xml version="1.0" encoding="UTF-8"?>
<testsuite xmlns:xsi="http://www.w3.org/2001/XMLSchema-instance" xsi:noNamespaceSchemaLocation="https://maven.apache.org/surefire/maven-surefire-plugin/xsd/surefire-test-report.xsd" version="3.0.2" name="com.example.jobposting.api.controller.JobPostingControllerTest" time="0.24" tests="5" errors="0" skipped="0" failures="0" flakes="0">
  <properties>
[...]
</properties>
  <testcase name="deleteJobPosting_ShouldReturnNoContent" classname="com.example.jobposting.api.controller.JobPostingControllerTest" time="0.128">
    <system-out><![CDATA[2026-03-29T16:45:02.597+07:00  INFO 45862 --- [jobposting-api] [           main] o.s.mock.web.MockServletContext          : Initializing Spring TestDispatcherServlet ''
2026-03-29T16:45:02.598+07:00  INFO 45862 --- [jobposting-api] [           main] o.s.t.web.servlet.TestDispatcherServlet  : Initializing Servlet ''
2026-03-29T16:45:02.599+07:00  INFO 45862 --- [jobposting-api] [           main] o.s.t.web.servlet.TestDispatcherServlet  : Completed initialization in 0 ms
]]></system-out>
  </testcase>
  <testcase name="getJobPostingById_ShouldReturnResponse" classname="com.example.jobposting.api.controller.JobPostingControllerTest" time="0.043">
    <system-out><![CDATA[2026-03-29T16:45:02.652+07:00  INFO 45862 --- [jobposting-api] [           main] o.s.mock.web.MockServletContext          : Initializing Spring TestDispatcherServlet ''
2026-03-29T16:45:02.652+07:00  INFO 45862 --- [jobposting-api] [           main] o.s.t.web.servlet.TestDispatcherServlet  : Initializing Servlet ''
2026-03-29T16:45:02.652+07:00  INFO 45862 --- [jobposting-api] [           main] o.s.t.web.servlet.TestDispatcherServlet  : Completed initialization in 0 ms
]]></system-out>
  </testcase>
  <testcase name="createJobPosting_ShouldReturnCreatedResponse" classname="com.example.jobposting.api.controller.JobPostingControllerTest" time="0.04">
    <system-out><![CDATA[2026-03-29T16:45:02.696+07:00  INFO 45862 --- [jobposting-api] [           main] o.s.mock.web.MockServletContext          : Initializing Spring TestDispatcherServlet ''
2026-03-29T16:45:02.696+07:00  INFO 45862 --- [jobposting-api] [           main] o.s.t.web.servlet.TestDispatcherServlet  : Initializing Servlet ''
2026-03-29T16:45:02.696+07:00  INFO 45862 --- [jobposting-api] [           main] o.s.t.web.servlet.TestDispatcherServlet  : Completed initialization in 0 ms
]]></system-out>
  </testcase>
  <testcase name="updateJobPosting_ShouldReturnOk" classname="com.example.jobposting.api.controller.JobPostingControllerTest" time="0.012">
    <system-out><![CDATA[2026-03-29T16:45:02.735+07:00  INFO 45862 --- [jobposting-api] [           main] o.s.mock.web.MockServletContext          : Initializing Spring TestDispatcherServlet ''
2026-03-29T16:45:02.735+07:00  INFO 45862 --- [jobposting-api] [           main] o.s.t.web.servlet.TestDispatcherServlet  : Initializing Servlet ''
2026-03-29T16:45:02.735+07:00  INFO 45862 --- [jobposting-api] [           main] o.s.t.web.servlet.TestDispatcherServlet  : Completed initialization in 0 ms
]]></system-out>
  </testcase>
  <testcase name="createJobPosting_ShouldReturnBadRequest_WhenInvalid" classname="com.example.jobposting.api.controller.JobPostingControllerTest" time="0.014">
    <system-out><![CDATA[2026-03-29T16:45:02.746+07:00  INFO 45862 --- [jobposting-api] [           main] o.s.mock.web.MockServletContext          : Initializing Spring TestDispatcherServlet ''
2026-03-29T16:45:02.746+07:00  INFO 45862 --- [jobposting-api] [           main] o.s.t.web.servlet.TestDispatcherServlet  : Initializing Servlet ''
2026-03-29T16:45:02.746+07:00  INFO 45862 --- [jobposting-api] [           main] o.s.t.web.servlet.TestDispatcherServlet  : Completed initialization in 0 ms
]]></system-out>
  </testcase>
</testsuite>