<?xml version="1.0" encoding="UTF-8"?>
<testsuite xmlns:xsi="http://www.w3.org/2001/XMLSchema-instance" xsi:noNamespaceSchemaLocation="https://maven.apache.org/surefire/maven-surefire-plugin/xsd/surefire-test-report.xsd" version="3.0.2" name="com.example.jobposting.api.JobpostingApiApplicationTests" time="1.829" tests="1" errors="0" skipped="0" failures="0" flakes="0">
  <properties>
[...]
</properties>
  <testcase name="contextLoads" classname="com.example.jobposting.api.JobpostingApiApplicationTests" time="0.246">
    <system-out><![CDATA[16:45:00.741 [main] INFO org.springframework.test.context.support.AnnotationConfigContextLoaderUtils -- Could not detect default configuration classes for test class [com.example.jobposting.api.JobpostingApiApplicationTests]: JobpostingApiApplicationTests does not declare any static, non-private, non-final, nested classes annotated with @Configuration.
16:45:00.779 [main] INFO org.springframework.boot.test.context.SpringBootTestContextBootstrapper -- Found @SpringBootConfiguration com.example.jobposting.api.JobpostingApiApplication for test class com.example.jobposting.api.JobpostingApiApplicationTests
16:45:00.807 [main] INFO org.springframework.test.context.support.AnnotationConfigContextLoaderUtils -- Could not detect default configuration classes for test class [com.example.jobposting.api.JobpostingApiApplicationTests]: JobpostingApiApplicationTests does not declare any static, non-private, non-final, nested classes annotated with @Configuration.
16:45:00.808 [main] INFO org.springframework.boot.test.context.SpringBootTestContextBootstrapper -- Found @SpringBootConfiguration com.example.jobposting.api.JobpostingApiApplication for test class com.example.jobposting.api.JobpostingApiApplicationTests

  .   ____          _            __ _ _
 /\\ / ___'_ __ _ _(_)_ __  __ _ \ \ \ \
( ( )\___ | '_ | '_| | '_ \/ _` | \ \ \ \
 \\/  ___)| |_)| | | | | || (_| |  ) ) ) )
  '  |____| .__|_| |_|_| |_\__, | / / / /
 =========|_|==============|___/=/_/_/_/

 :: Spring Boot ::                (v4.0.5)

2026-03-29T16:45:00.913+07:00  INFO 45862 --- [jobposting-api] [           main] c.e.j.api.JobpostingApiApplicationTests  : Starting JobpostingApiApplicationTests using Java 21.0.10 with PID 45862 (started by dieunt in /Users/dieunt/Documents/FPTU/Projects/0_Antigravity Projects/Demo AG)
2026-03-29T16:45:00.914+07:00  INFO 45862 --- [jobposting-api] [           main] c.e.j.api.JobpostingApiApplicationTests  : No active profile set, falling back to 1 default profile: "default"
2026-03-29T16:45:01.182+07:00  INFO 45862 --- [jobposting-api] [           main] .s.d.r.c.RepositoryConfigurationDelegate : Bootstrapping Spring Data JPA repositories in DEFAULT mode.
2026-03-29T16:45:01.198+07:00  INFO 45862 --- [jobposting-api] [           main] .s.d.r.c.RepositoryConfigurationDelegate : Finished Spring Data repository scanning in 13 ms. Found 1 JPA repository interface.
2026-03-29T16:45:01.352+07:00  INFO 45862 --- [jobposting-api] [           main] org.hibernate.orm.jpa                    : HHH008540: Processing PersistenceUnitInfo [name: default]
2026-03-29T16:45:01.378+07:00  INFO 45862 --- [jobposting-api] [           main] org.hibernate.orm.core                   : HHH000001: Hibernate ORM core version 7.2.7.Final
2026-03-29T16:45:01.536+07:00  INFO 45862 --- [jobposting-api] [           main] o.s.o.j.p.SpringPersistenceUnitInfo      : No LoadTimeWeaver setup: ignoring JPA class transformer
2026-03-29T16:45:01.550+07:00  INFO 45862 --- [jobposting-api] [           main] com.zaxxer.hikari.HikariDataSource       : HikariPool-1 - Starting...
2026-03-29T16:45:01.613+07:00  INFO 45862 --- [jobposting-api] [           main] com.zaxxer.hikari.pool.HikariPool        : HikariPool-1 - Added connection conn0: url=jdbc:h2:mem:jobpostingdb user=SA
2026-03-29T16:45:01.614+07:00  INFO 45862 --- [jobposting-api] [           main] com.zaxxer.hikari.HikariDataSource       : HikariPool-1 - Start completed.
2026-03-29T16:45:01.623+07:00  WARN 45862 --- [jobposting-api] [           main] org.hibernate.orm.deprecation            : HHH90000025: H2Dialect does not need to be specified explicitly using 'hibernate.dialect' (remove the property setting and it will be selected by default)
2026-03-29T16:45:01.631+07:00  INFO 45862 --- [jobposting-api] [           main] org.hibernate.orm.connections.pooling    : HHH10001005: Database info:
	Database JDBC URL [jdbc:h2:mem:jobpostingdb]
	Database driver: H2 JDBC Driver
	Database dialect: H2Dialect
	Database version: 2.4.240
	Default catalog/schema: JOBPOSTINGDB/PUBLIC
	Autocommit mode: undefined/unknown
	Isolation level: READ_COMMITTED [default READ_COMMITTED]
	JDBC fetch size: 100
	Pool: DataSourceConnectionProvider
	Minimum pool size: undefined/unknown
	Maximum pool size: undefined/unknown
2026-03-29T16:45:01.931+07:00  INFO 45862 --- [jobposting-api] [           main] org.hibernate.orm.core                   : HHH000489: No JTA platform available (set 'hibernate.transaction.jta.platform' to enable JTA platform integration)
Hibernate: create table job_postings (id bigint generated by default as identity, active boolean not null, created_at timestamp(6), department varchar(50) not null, description TEXT not null, employment_type varchar(50) not null, location varchar(100) not null, title varchar(100) not null, updated_at timestamp(6), primary key (id))
2026-03-29T16:45:01.951+07:00  INFO 45862 --- [jobposting-api] [           main] j.LocalContainerEntityManagerFactoryBean : Initialized JPA EntityManagerFactory for persistence unit 'default'
2026-03-29T16:45:01.979+07:00  INFO 45862 --- [jobposting-api] [           main] o.s.d.j.r.query.QueryEnhancerFactories   : Hibernate is in classpath; If applicable, HQL parser will be used.
2026-03-29T16:45:02.085+07:00  WARN 45862 --- [jobposting-api] [           main] JpaBaseConfiguration$JpaWebConfiguration : spring.jpa.open-in-view is enabled by default. Therefore, database queries may be performed during view rendering. Explicitly configure spring.jpa.open-in-view to disable this warning
2026-03-29T16:45:02.222+07:00  INFO 45862 --- [jobposting-api] [           main] o.s.b.h.a.H2ConsoleAutoConfiguration     : H2 console available at '/h2-console'. Database available at 'jdbc:h2:mem:jobpostingdb'
2026-03-29T16:45:02.259+07:00  INFO 45862 --- [jobposting-api] [           main] c.e.j.api.JobpostingApiApplicationTests  : Started JobpostingApiApplicationTests in 1.427 seconds (process running for 1.823)
]]></system-out>
    <system-err><![CDATA[Mockito is currently self-attaching to enable the inline-mock-maker. This will no longer work in future releases of the JDK. Please add Mockito as an agent to your build as described in Mockito's documentation: https://javadoc.io/doc/org.mockito/mockito-core/latest/org.mockito/org/mockito/Mockito.html#0.3
WARNING: A Java agent has been loaded dynamically (/Users/dieunt/Documents/FPTU/Projects/0_Antigravity Projects/Demo AG/.mvn-repo/net/bytebuddy/byte-buddy-agent/1.17.8/byte-buddy-agent-1.17.8.jar)
WARNING: If a serviceability tool is in use, please run with -XX:+EnableDynamicAgentLoading to hide this warning
WARNING: If a serviceability tool is not in use, please run with -Djdk.instrument.traceUsage for more information
WARNING: Dynamic loading of agents will be disallowed by default in a future release
]]></system-err>
  </testcase>
</testsuite>